<?xml version="1.0" encoding="UTF-8"?>
<!-- Generated by org.testng.reporters.JUnitXMLReporter -->
<testsuite ignored="0" hostname="DellLatitude-PC" failures="0" tests="3" name="Default test" time="141.944" errors="0" timestamp="2021-06-25T16:48:27 CEST">
  <testcase classname="tests.MealItemTest" name="addMealToCart" time="33.74"/>
  <testcase classname="tests.MealItemTest" name="clearCart" time="76.014"/>
  <testcase classname="tests.MealItemTest" name="addMealToFavorite" time="25.719"/>
</testsuite> <!-- Default test -->
