<?xml version="1.0" encoding="UTF-8"?>
<!-- Generated by org.testng.reporters.JUnitXMLReporter -->
<testsuite ignored="0" hostname="DellLatitude-PC" failures="0" tests="3" name="Default test" time="145.38" errors="0" timestamp="2021-06-25T19:33:41 CEST">
  <testcase classname="tests.MealItemTest" name="addMealToCart" time="32.901"/>
  <testcase classname="tests.MealItemTest" name="clearCart" time="83.432"/>
  <testcase classname="tests.MealItemTest" name="addMealToFavorite" time="20.762"/>
</testsuite> <!-- Default test -->
