<?xml version="1.0" encoding="UTF-8"?>
<testng-results ignored="0" total="3" passed="3" failed="0" skipped="0">
  <reporter-output>
  </reporter-output>
  <suite started-at="2021-06-25T16:46:05 CEST" name="Default suite" finished-at="2021-06-25T16:48:27 CEST" duration-ms="141944">
    <groups>
    </groups>
    <test started-at="2021-06-25T16:46:05 CEST" name="Default test" finished-at="2021-06-25T16:48:27 CEST" duration-ms="141944">
      <class name="tests.MealItemTest">
        <test-method is-config="true" signature="setup()[pri:0, instance:tests.MealItemTest@702b8b12]" started-at="2021-06-25T16:46:05 CEST" name="setup" finished-at="2021-06-25T16:46:08 CEST" duration-ms="2617" status="PASS">
          <reporter-output>
          </reporter-output>
        </test-method> <!-- setup -->
        <test-method signature="addMealToCart()[pri:0, instance:tests.MealItemTest@702b8b12]" started-at="2021-06-25T16:46:08 CEST" name="addMealToCart" finished-at="2021-06-25T16:46:41 CEST" duration-ms="33740" status="PASS">
          <reporter-output>
          </reporter-output>
        </test-method> <!-- addMealToCart -->
        <test-method is-config="true" signature="takeScreenshotWhenFailure(org.testng.ITestResult)[pri:0, instance:tests.MealItemTest@702b8b12]" started-at="2021-06-25T16:46:41 CEST" name="takeScreenshotWhenFailure" finished-at="2021-06-25T16:46:41 CEST" duration-ms="2" status="PASS">
          <params>
            <param index="0">
              <value>
                <![CDATA[[TestResult name=addMealToCart status=SUCCESS method=MealItemTest.addMealToCart()[pri:0, instance:tests.MealItemTest@702b8b12] output={null}]]]>
              </value>
            </param>
          </params>
          <reporter-output>
          </reporter-output>
        </test-method> <!-- takeScreenshotWhenFailure -->
        <test-method is-config="true" signature="setup()[pri:0, instance:tests.MealItemTest@702b8b12]" started-at="2021-06-25T16:46:41 CEST" name="setup" finished-at="2021-06-25T16:46:43 CEST" duration-ms="1784" status="PASS">
          <reporter-output>
          </reporter-output>
        </test-method> <!-- setup -->
        <test-method signature="clearCart()[pri:0, instance:tests.MealItemTest@702b8b12]" started-at="2021-06-25T16:46:43 CEST" name="clearCart" finished-at="2021-06-25T16:47:59 CEST" duration-ms="76014" status="PASS">
          <reporter-output>
          </reporter-output>
        </test-method> <!-- clearCart -->
        <test-method is-config="true" signature="takeScreenshotWhenFailure(org.testng.ITestResult)[pri:0, instance:tests.MealItemTest@702b8b12]" started-at="2021-06-25T16:47:59 CEST" name="takeScreenshotWhenFailure" finished-at="2021-06-25T16:47:59 CEST" duration-ms="0" status="PASS">
          <params>
            <param index="0">
              <value>
                <![CDATA[[TestResult name=clearCart status=SUCCESS method=MealItemTest.clearCart()[pri:0, instance:tests.MealItemTest@702b8b12] output={null}]]]>
              </value>
            </param>
          </params>
          <reporter-output>
          </reporter-output>
        </test-method> <!-- takeScreenshotWhenFailure -->
        <test-method is-config="true" signature="setup()[pri:0, instance:tests.MealItemTest@702b8b12]" started-at="2021-06-25T16:47:59 CEST" name="setup" finished-at="2021-06-25T16:48:01 CEST" duration-ms="2016" status="PASS">
          <reporter-output>
          </reporter-output>
        </test-method> <!-- setup -->
        <test-method signature="addMealToFavorite()[pri:1, instance:tests.MealItemTest@702b8b12]" started-at="2021-06-25T16:48:01 CEST" name="addMealToFavorite" finished-at="2021-06-25T16:48:27 CEST" duration-ms="25719" status="PASS">
          <reporter-output>
          </reporter-output>
        </test-method> <!-- addMealToFavorite -->
        <test-method is-config="true" signature="takeScreenshotWhenFailure(org.testng.ITestResult)[pri:0, instance:tests.MealItemTest@702b8b12]" started-at="2021-06-25T16:48:27 CEST" name="takeScreenshotWhenFailure" finished-at="2021-06-25T16:48:27 CEST" duration-ms="0" status="PASS">
          <params>
            <param index="0">
              <value>
                <![CDATA[[TestResult name=addMealToFavorite status=SUCCESS method=MealItemTest.addMealToFavorite()[pri:1, instance:tests.MealItemTest@702b8b12] output={null}]]]>
              </value>
            </param>
          </params>
          <reporter-output>
          </reporter-output>
        </test-method> <!-- takeScreenshotWhenFailure -->
      </class> <!-- tests.MealItemTest -->
    </test> <!-- Default test -->
  </suite> <!-- Default suite -->
</testng-results>
