<?xml version="1.0" encoding="UTF-8"?>
<testng-results ignored="0" total="3" passed="3" failed="0" skipped="0">
  <reporter-output>
  </reporter-output>
  <suite started-at="2021-06-25T19:31:16 CEST" name="Default suite" finished-at="2021-06-25T19:33:41 CEST" duration-ms="145380">
    <groups>
    </groups>
    <test started-at="2021-06-25T19:31:16 CEST" name="Default test" finished-at="2021-06-25T19:33:41 CEST" duration-ms="145380">
      <class name="tests.MealItemTest">
        <test-method is-config="true" signature="setup()[pri:0, instance:tests.MealItemTest@702b8b12]" started-at="2021-06-25T19:31:16 CEST" name="setup" finished-at="2021-06-25T19:31:19 CEST" duration-ms="3624" status="PASS">
          <reporter-output>
          </reporter-output>
        </test-method> <!-- setup -->
        <test-method signature="addMealToCart()[pri:0, instance:tests.MealItemTest@702b8b12]" started-at="2021-06-25T19:31:19 CEST" name="addMealToCart" finished-at="2021-06-25T19:31:52 CEST" duration-ms="32901" status="PASS">
          <reporter-output>
          </reporter-output>
        </test-method> <!-- addMealToCart -->
        <test-method is-config="true" signature="takeScreenshotWhenFailure(org.testng.ITestResult)[pri:0, instance:tests.MealItemTest@702b8b12]" started-at="2021-06-25T19:31:52 CEST" name="takeScreenshotWhenFailure" finished-at="2021-06-25T19:31:52 CEST" duration-ms="4" status="PASS">
          <params>
            <param index="0">
              <value>
                <![CDATA[[TestResult name=addMealToCart status=SUCCESS method=MealItemTest.addMealToCart()[pri:0, instance:tests.MealItemTest@702b8b12] output={null}]]]>
              </value>
            </param>
          </params>
          <reporter-output>
          </reporter-output>
        </test-method> <!-- takeScreenshotWhenFailure -->
        <test-method is-config="true" signature="setup()[pri:0, instance:tests.MealItemTest@702b8b12]" started-at="2021-06-25T19:31:52 CEST" name="setup" finished-at="2021-06-25T19:31:55 CEST" duration-ms="2323" status="PASS">
          <reporter-output>
          </reporter-output>
        </test-method> <!-- setup -->
        <test-method signature="clearCart()[pri:0, instance:tests.MealItemTest@702b8b12]" started-at="2021-06-25T19:31:55 CEST" name="clearCart" finished-at="2021-06-25T19:33:18 CEST" duration-ms="83432" status="PASS">
          <reporter-output>
          </reporter-output>
        </test-method> <!-- clearCart -->
        <test-method is-config="true" signature="takeScreenshotWhenFailure(org.testng.ITestResult)[pri:0, instance:tests.MealItemTest@702b8b12]" started-at="2021-06-25T19:33:18 CEST" name="takeScreenshotWhenFailure" finished-at="2021-06-25T19:33:18 CEST" duration-ms="1" status="PASS">
          <params>
            <param index="0">
              <value>
                <![CDATA[[TestResult name=clearCart status=SUCCESS method=MealItemTest.clearCart()[pri:0, instance:tests.MealItemTest@702b8b12] output={null}]]]>
              </value>
            </param>
          </params>
          <reporter-output>
          </reporter-output>
        </test-method> <!-- takeScreenshotWhenFailure -->
        <test-method is-config="true" signature="setup()[pri:0, instance:tests.MealItemTest@702b8b12]" started-at="2021-06-25T19:33:18 CEST" name="setup" finished-at="2021-06-25T19:33:20 CEST" duration-ms="2254" status="PASS">
          <reporter-output>
          </reporter-output>
        </test-method> <!-- setup -->
        <test-method signature="addMealToFavorite()[pri:1, instance:tests.MealItemTest@702b8b12]" started-at="2021-06-25T19:33:20 CEST" name="addMealToFavorite" finished-at="2021-06-25T19:33:41 CEST" duration-ms="20762" status="PASS">
          <reporter-output>
          </reporter-output>
        </test-method> <!-- addMealToFavorite -->
        <test-method is-config="true" signature="takeScreenshotWhenFailure(org.testng.ITestResult)[pri:0, instance:tests.MealItemTest@702b8b12]" started-at="2021-06-25T19:33:41 CEST" name="takeScreenshotWhenFailure" finished-at="2021-06-25T19:33:41 CEST" duration-ms="1" status="PASS">
          <params>
            <param index="0">
              <value>
                <![CDATA[[TestResult name=addMealToFavorite status=SUCCESS method=MealItemTest.addMealToFavorite()[pri:1, instance:tests.MealItemTest@702b8b12] output={null}]]]>
              </value>
            </param>
          </params>
          <reporter-output>
          </reporter-output>
        </test-method> <!-- takeScreenshotWhenFailure -->
      </class> <!-- tests.MealItemTest -->
    </test> <!-- Default test -->
  </suite> <!-- Default suite -->
</testng-results>
